<?xml version="1.0" encoding="UTF-8"?>
<!-- Generated by org.testng.reporters.JUnitXMLReporter -->
<testsuite ignored="0" hostname="Keenan" failures="0" tests="6" name="Parallel Class" time="0.027" errors="0" timestamp="2023-10-16T11:46:38 AEDT">
  <testcase classname="com.testngpractise.SettingPriorityExample" name="OpenBrowser" time="0.004"/>
  <testcase classname="com.testngpractise.AllAnnotationsExample" name="Testcase1" time="0.004"/>
  <testcase classname="com.testngpractise.SettingPriorityExample" name="Login" time="0.0"/>
  <testcase classname="com.testngpractise.SettingPriorityExample" name="AddItemCart" time="0.0"/>
  <testcase classname="com.testngpractise.SettingPriorityExample" name="AddMobileItem" time="0.0"/>
  <testcase classname="com.testngpractise.SettingPriorityExample" name="CloseBrowser" time="0.0"/>
</testsuite> <!-- Parallel Class -->
