<?xml version="1.0" encoding="UTF-8"?>
<!-- Generated by org.testng.reporters.JUnitXMLReporter -->
<testsuite ignored="2" hostname="Keenan" failures="0" tests="3" name="Test" time="0.031" errors="0" timestamp="2023-10-16T10:31:26 AEDT">
  <testcase classname="com.testngpractise.GroupsExample" name="Registrations" time="0.007"/>
  <testcase classname="com.testngpractise.GroupsExample" name="SearchForProduct" time="0.001"/>
  <testcase classname="com.testngpractise.GroupsExample" name="additemtowishlist" time="0.0"/>
  <testcase classname="com.testngpractise.GroupsExample" name="loginAmazon" time="0.0">
    <ignored/>
  </testcase> <!-- loginAmazon -->
  <testcase classname="com.testngpractise.GroupsExample" name="Placeanorder" time="0.0">
    <ignored/>
  </testcase> <!-- Placeanorder -->
</testsuite> <!-- Test -->
