<?xml version="1.0" encoding="UTF-8"?>
<testng-results ignored="0" total="2" passed="2" failed="0" skipped="0">
  <reporter-output>
  </reporter-output>
  <suite started-at="2023-10-17T13:19:38 AEDT" name="Default suite" finished-at="2023-10-17T13:19:50 AEDT" duration-ms="11999">
    <groups>
    </groups>
    <test started-at="2023-10-17T13:19:38 AEDT" name="Default test" finished-at="2023-10-17T13:19:50 AEDT" duration-ms="11999">
      <class name="com.testcases.LoginTestCase">
        <test-method is-config="true" signature="StartBrowser()[pri:0, instance:com.testcases.LoginTestCase@1189dd52]" started-at="2023-10-17T13:19:38 AEDT" name="StartBrowser" finished-at="2023-10-17T13:19:45 AEDT" duration-ms="6542" status="PASS">
          <reporter-output>
          </reporter-output>
        </test-method> <!-- StartBrowser -->
        <test-method signature="LoginTestcase()[pri:0, instance:com.testcases.LoginTestCase@1189dd52]" started-at="2023-10-17T13:19:45 AEDT" name="LoginTestcase" finished-at="2023-10-17T13:19:46 AEDT" duration-ms="789" status="PASS">
          <reporter-output>
          </reporter-output>
        </test-method> <!-- LoginTestcase -->
        <test-method is-config="true" signature="closeBrowser()[pri:0, instance:com.testcases.LoginTestCase@1189dd52]" started-at="2023-10-17T13:19:46 AEDT" name="closeBrowser" finished-at="2023-10-17T13:19:46 AEDT" duration-ms="0" status="PASS">
          <reporter-output>
          </reporter-output>
        </test-method> <!-- closeBrowser -->
        <test-method is-config="true" signature="StartBrowser()[pri:0, instance:com.testcases.LoginTestCase@1189dd52]" started-at="2023-10-17T13:19:46 AEDT" name="StartBrowser" finished-at="2023-10-17T13:19:50 AEDT" duration-ms="3840" status="PASS">
          <reporter-output>
          </reporter-output>
        </test-method> <!-- StartBrowser -->
        <test-method signature="NegativeLogin()[pri:0, instance:com.testcases.LoginTestCase@1189dd52]" started-at="2023-10-17T13:19:50 AEDT" name="NegativeLogin" finished-at="2023-10-17T13:19:50 AEDT" duration-ms="676" status="PASS">
          <reporter-output>
          </reporter-output>
        </test-method> <!-- NegativeLogin -->
        <test-method is-config="true" signature="closeBrowser()[pri:0, instance:com.testcases.LoginTestCase@1189dd52]" started-at="2023-10-17T13:19:50 AEDT" name="closeBrowser" finished-at="2023-10-17T13:19:50 AEDT" duration-ms="124" status="PASS">
          <reporter-output>
          </reporter-output>
        </test-method> <!-- closeBrowser -->
      </class> <!-- com.testcases.LoginTestCase -->
    </test> <!-- Default test -->
  </suite> <!-- Default suite -->
</testng-results>
